warning: `VIRTUAL_ENV=C:\Users\šłčťĚĘšłÄšĹć\AppData\Local\Programs\Python\Python313` does not match the project environment path `.venv` and will be ignored; use `--active` to target the active environment instead
Using device: cuda
į—ľ∆∂q: 242,866
ľ“ę¨§j§p: 0.926 MB
	Epoch 0 | Batch 0 | Loss 2.3801
	Epoch 0 | Batch 500 | Loss 2.0591
	Epoch 0 | Batch 1000 | Loss 2.0434
	Epoch 0 | Batch 1500 | Loss 1.5995
	Epoch 0 | Batch 2000 | Loss 1.6410
	Epoch 0 | Batch 2500 | Loss 1.6077
	Epoch 0 | Batch 3000 | Loss 1.1111
Epoch 0 | Loss 1.6846
	Epoch 1 | Batch 0 | Loss 1.6603
	Epoch 1 | Batch 500 | Loss 1.3067
	Epoch 1 | Batch 1000 | Loss 1.1056
	Epoch 1 | Batch 1500 | Loss 1.7742
	Epoch 1 | Batch 2000 | Loss 1.4543
	Epoch 1 | Batch 2500 | Loss 1.1020
	Epoch 1 | Batch 3000 | Loss 1.4319
Epoch 1 | Loss 1.3145
	Epoch 2 | Batch 0 | Loss 1.0536
	Epoch 2 | Batch 500 | Loss 0.8300
	Epoch 2 | Batch 1000 | Loss 1.1146
	Epoch 2 | Batch 1500 | Loss 1.3933
	Epoch 2 | Batch 2000 | Loss 1.1151
	Epoch 2 | Batch 2500 | Loss 1.2516
	Epoch 2 | Batch 3000 | Loss 1.3052
Epoch 2 | Loss 1.1649
	Epoch 3 | Batch 0 | Loss 0.7407
	Epoch 3 | Batch 500 | Loss 1.1968
	Epoch 3 | Batch 1000 | Loss 1.3237
	Epoch 3 | Batch 1500 | Loss 0.7104
	Epoch 3 | Batch 2000 | Loss 1.2785
	Epoch 3 | Batch 2500 | Loss 1.3247
	Epoch 3 | Batch 3000 | Loss 1.4691
Epoch 3 | Loss 1.0739
	Epoch 4 | Batch 0 | Loss 1.2588
	Epoch 4 | Batch 500 | Loss 0.7577
	Epoch 4 | Batch 1000 | Loss 1.7309
	Epoch 4 | Batch 1500 | Loss 0.9595
	Epoch 4 | Batch 2000 | Loss 0.8868
	Epoch 4 | Batch 2500 | Loss 1.2122
	Epoch 4 | Batch 3000 | Loss 1.3026
Epoch 4 | Loss 1.0009
	Epoch 5 | Batch 0 | Loss 0.9755
	Epoch 5 | Batch 500 | Loss 1.0462
	Epoch 5 | Batch 1000 | Loss 1.0649
	Epoch 5 | Batch 1500 | Loss 0.9331
	Epoch 5 | Batch 2000 | Loss 1.0547
	Epoch 5 | Batch 2500 | Loss 1.2267
	Epoch 5 | Batch 3000 | Loss 1.2050
Epoch 5 | Loss 0.9427
	Epoch 6 | Batch 0 | Loss 1.0629
	Epoch 6 | Batch 500 | Loss 0.6119
	Epoch 6 | Batch 1000 | Loss 0.8441
	Epoch 6 | Batch 1500 | Loss 0.9156
	Epoch 6 | Batch 2000 | Loss 0.7954
	Epoch 6 | Batch 2500 | Loss 0.9161
	Epoch 6 | Batch 3000 | Loss 0.6280
Epoch 6 | Loss 0.8907
	Epoch 7 | Batch 0 | Loss 0.4111
	Epoch 7 | Batch 500 | Loss 0.5434
	Epoch 7 | Batch 1000 | Loss 0.5953
	Epoch 7 | Batch 1500 | Loss 1.1245
	Epoch 7 | Batch 2000 | Loss 0.5367
	Epoch 7 | Batch 2500 | Loss 0.5168
	Epoch 7 | Batch 3000 | Loss 1.0099
Epoch 7 | Loss 0.8510
	Epoch 8 | Batch 0 | Loss 0.9865
	Epoch 8 | Batch 500 | Loss 1.6343
	Epoch 8 | Batch 1000 | Loss 0.8416
	Epoch 8 | Batch 1500 | Loss 1.3835
	Epoch 8 | Batch 2000 | Loss 0.4575
	Epoch 8 | Batch 2500 | Loss 0.8421
	Epoch 8 | Batch 3000 | Loss 0.7150
Epoch 8 | Loss 0.8095
	Epoch 9 | Batch 0 | Loss 0.5609
	Epoch 9 | Batch 500 | Loss 0.7599
	Epoch 9 | Batch 1000 | Loss 0.3330
	Epoch 9 | Batch 1500 | Loss 0.7717
	Epoch 9 | Batch 2000 | Loss 0.8599
	Epoch 9 | Batch 2500 | Loss 0.3768
	Epoch 9 | Batch 3000 | Loss 1.2178
Epoch 9 | Loss 0.7731
Accuracy: 0.6619
